Base path: C:/Program Files/Unity/Editor/Data
Cmd: initializeCompiler
Cmd: disassembleShader
  api=4 insize=2734 outsize=4602 ok=1
Cmd: disassembleShader
  api=4 insize=1502 outsize=2939 ok=1
Cmd: disassembleShader
  api=4 insize=2170 outsize=3878 ok=1
Cmd: disassembleShader
  api=4 insize=1502 outsize=2896 ok=1
Cmd: disassembleShader
  api=4 insize=2882 outsize=4852 ok=1
Cmd: disassembleShader
  api=4 insize=3082 outsize=5051 ok=1
Cmd: disassembleShader
  api=4 insize=1322 outsize=2567 ok=1
Cmd: disassembleShader
  api=4 insize=1310 outsize=2609 ok=1
Cmd: disassembleShader
  api=4 insize=1502 outsize=2897 ok=1
Cmd: disassembleShader
  api=4 insize=1866 outsize=3280 ok=1
Cmd: disassembleShader
  api=4 insize=1638 outsize=3004 ok=1
Cmd: disassembleShader
  api=4 insize=2018 outsize=3531 ok=1
Cmd: disassembleShader
  api=4 insize=1218 outsize=2442 ok=1
Cmd: disassembleShader
  api=4 insize=362 outsize=1006 ok=1
Cmd: disassembleShader
  api=4 insize=2358 outsize=4164 ok=1
Cmd: disassembleShader
  api=4 insize=838 outsize=1919 ok=1
Cmd: disassembleShader
  api=4 insize=2046 outsize=3715 ok=1
Cmd: disassembleShader
  api=4 insize=754 outsize=1845 ok=1
Cmd: compileSnippet
  api=9 type=1 insize=2187 outsize=0 kw= pd=UNITY_NO_DXT5nm UNITY_NO_RGBM UNITY_ENABLE_REFLECTION_BUFFERS UNITY_FRAMEBUFFER_FETCH_AVAILABLE UNITY_NO_CUBEMAP_ARRAY UNITY_NO_SCREENSPACE_SHADOWS UNITY_PBS_USE_BRDF2 SHADER_API_MOBILE UNITY_HARDWARE_TIER3 UNITY_COLORSPACE_GAMMA UNITY_LIGHTMAP_DLDR_ENCODING ok=1
