Base path: C:/Program Files/Unity/Editor/Data
Cmd: initializeCompiler
Cmd: disassembleShader
  api=4 insize=2706 outsize=4614 ok=1
Cmd: disassembleShader
  api=4 insize=2734 outsize=4602 ok=1
Cmd: disassembleShader
  api=4 insize=1502 outsize=2896 ok=1
Cmd: disassembleShader
  api=4 insize=1678 outsize=3177 ok=1
Cmd: disassembleShader
  api=4 insize=1474 outsize=2818 ok=1
Cmd: disassembleShader
  api=4 insize=3082 outsize=5051 ok=1
Cmd: disassembleShader
  api=4 insize=1310 outsize=2609 ok=1
Cmd: disassembleShader
  api=4 insize=1310 outsize=2609 ok=1
Cmd: disassembleShader
  api=4 insize=1502 outsize=2897 ok=1
Cmd: disassembleShader
  api=4 insize=1402 outsize=2671 ok=1
Cmd: disassembleShader
  api=4 insize=1714 outsize=3080 ok=1
Cmd: disassembleShader
  api=4 insize=1402 outsize=2671 ok=1
Cmd: disassembleShader
  api=4 insize=1410 outsize=2730 ok=1
Cmd: disassembleShader
  api=4 insize=2182 outsize=3926 ok=1
Cmd: disassembleShader
  api=4 insize=2358 outsize=4164 ok=1
Cmd: disassembleShader
  api=4 insize=710 outsize=1695 ok=1
Cmd: disassembleShader
  api=4 insize=2046 outsize=3715 ok=1
Cmd: disassembleShader
  api=4 insize=2238 outsize=4003 ok=1
Cmd: disassembleShader
  api=4 insize=850 outsize=2006 ok=1
Cmd: compileSnippet
  api=5 type=0 insize=2187 outsize=2267 kw= pd=UNITY_NO_DXT5nm UNITY_NO_RGBM UNITY_ENABLE_REFLECTION_BUFFERS UNITY_FRAMEBUFFER_FETCH_AVAILABLE UNITY_NO_CUBEMAP_ARRAY UNITY_NO_SCREENSPACE_SHADOWS UNITY_PBS_USE_BRDF2 SHADER_API_MOBILE UNITY_HARDWARE_TIER2 UNITY_COLORSPACE_GAMMA UNITY_LIGHTMAP_DLDR_ENCODING ok=1
Cmd: compileSnippet
  api=9 type=1 insize=2187 outsize=0 kw= pd=UNITY_NO_DXT5nm UNITY_NO_RGBM UNITY_ENABLE_REFLECTION_BUFFERS UNITY_FRAMEBUFFER_FETCH_AVAILABLE UNITY_NO_CUBEMAP_ARRAY UNITY_NO_SCREENSPACE_SHADOWS UNITY_PBS_USE_BRDF2 SHADER_API_MOBILE UNITY_HARDWARE_TIER2 UNITY_COLORSPACE_GAMMA UNITY_LIGHTMAP_DLDR_ENCODING ok=1
