Base path: C:/Program Files/Unity/Editor/Data
Cmd: initializeCompiler
Cmd: disassembleShader
  api=4 insize=1502 outsize=2939 ok=1
Cmd: disassembleShader
  api=4 insize=1806 outsize=3370 ok=1
Cmd: disassembleShader
  api=4 insize=1678 outsize=3177 ok=1
Cmd: disassembleShader
  api=4 insize=2170 outsize=3878 ok=1
Cmd: disassembleShader
  api=4 insize=3234 outsize=5302 ok=1
Cmd: disassembleShader
  api=4 insize=1310 outsize=2609 ok=1
Cmd: disassembleShader
  api=4 insize=1502 outsize=2897 ok=1
Cmd: disassembleShader
  api=4 insize=1502 outsize=2897 ok=1
Cmd: disassembleShader
  api=4 insize=1250 outsize=2420 ok=1
Cmd: disassembleShader
  api=4 insize=1622 outsize=2915 ok=1
Cmd: disassembleShader
  api=4 insize=1866 outsize=3331 ok=1
Cmd: disassembleShader
  api=4 insize=362 outsize=1006 ok=1
Cmd: disassembleShader
  api=4 insize=2182 outsize=3926 ok=1
Cmd: disassembleShader
  api=4 insize=2358 outsize=4164 ok=1
Cmd: disassembleShader
  api=4 insize=710 outsize=1695 ok=1
Cmd: disassembleShader
  api=4 insize=2046 outsize=3715 ok=1
Cmd: disassembleShader
  api=4 insize=826 outsize=1979 ok=1
Cmd: disassembleShader
  api=4 insize=978 outsize=2230 ok=1
Cmd: compileSnippet
  api=5 type=0 insize=2187 outsize=2267 kw= pd=UNITY_NO_DXT5nm UNITY_NO_RGBM UNITY_ENABLE_REFLECTION_BUFFERS UNITY_FRAMEBUFFER_FETCH_AVAILABLE UNITY_NO_CUBEMAP_ARRAY UNITY_NO_SCREENSPACE_SHADOWS UNITY_PBS_USE_BRDF2 SHADER_API_MOBILE UNITY_HARDWARE_TIER3 UNITY_COLORSPACE_GAMMA UNITY_LIGHTMAP_DLDR_ENCODING ok=1
Cmd: compileSnippet
  api=9 type=1 insize=2187 outsize=0 kw= pd=UNITY_NO_DXT5nm UNITY_NO_RGBM UNITY_ENABLE_REFLECTION_BUFFERS UNITY_FRAMEBUFFER_FETCH_AVAILABLE UNITY_NO_CUBEMAP_ARRAY UNITY_NO_SCREENSPACE_SHADOWS UNITY_PBS_USE_BRDF3 UNITY_NO_FULL_STANDARD_SHADER SHADER_API_MOBILE UNITY_HARDWARE_TIER1 UNITY_COLORSPACE_GAMMA UNITY_LIGHTMAP_DLDR_ENCODING ok=1
